Started GET "/api/v1/holidays" for ::1 at 2023-02-22 11:15:59 +0000
  [1m[35m (0.5ms)[0m  [1m[35mCREATE TABLE "schema_migrations" ("version" varchar NOT NULL PRIMARY KEY)[0m
  [1m[35m (0.4ms)[0m  [1m[35mCREATE TABLE "ar_internal_metadata" ("key" varchar NOT NULL PRIMARY KEY, "value" varchar, "created_at" datetime(6) NOT NULL, "updated_at" datetime(6) NOT NULL)[0m
  [1m[36mActiveRecord::SchemaMigration Pluck (0.1ms)[0m  [1m[34mSELECT "schema_migrations"."version" FROM "schema_migrations" ORDER BY "schema_migrations"."version" ASC[0m
  
ActiveRecord::PendingMigrationError (

Migrations are pending. To resolve this issue, run:

        bin/rails db:migrate RAILS_ENV=development

You have 2 pending migrations:

20230222111036_create_holidays.rb
20230222111059_create_albums.rb


):
  
activerecord (7.0.4.2) lib/active_record/migration.rb:627:in `check_pending!'
activerecord (7.0.4.2) lib/active_record/migration.rb:592:in `block (2 levels) in call'
activesupport (7.0.4.2) lib/active_support/file_update_checker.rb:83:in `execute'
activerecord (7.0.4.2) lib/active_record/migration.rb:597:in `block in call'
activerecord (7.0.4.2) lib/active_record/migration.rb:589:in `synchronize'
activerecord (7.0.4.2) lib/active_record/migration.rb:589:in `call'
actionpack (7.0.4.2) lib/action_dispatch/middleware/callbacks.rb:27:in `block in call'
activesupport (7.0.4.2) lib/active_support/callbacks.rb:99:in `run_callbacks'
actionpack (7.0.4.2) lib/action_dispatch/middleware/callbacks.rb:26:in `call'
actionpack (7.0.4.2) lib/action_dispatch/middleware/executor.rb:14:in `call'
actionpack (7.0.4.2) lib/action_dispatch/middleware/actionable_exceptions.rb:17:in `call'
actionpack (7.0.4.2) lib/action_dispatch/middleware/debug_exceptions.rb:28:in `call'
actionpack (7.0.4.2) lib/action_dispatch/middleware/show_exceptions.rb:26:in `call'
railties (7.0.4.2) lib/rails/rack/logger.rb:40:in `call_app'
railties (7.0.4.2) lib/rails/rack/logger.rb:25:in `block in call'
activesupport (7.0.4.2) lib/active_support/tagged_logging.rb:99:in `block in tagged'
activesupport (7.0.4.2) lib/active_support/tagged_logging.rb:37:in `tagged'
activesupport (7.0.4.2) lib/active_support/tagged_logging.rb:99:in `tagged'
railties (7.0.4.2) lib/rails/rack/logger.rb:25:in `call'
actionpack (7.0.4.2) lib/action_dispatch/middleware/remote_ip.rb:93:in `call'
actionpack (7.0.4.2) lib/action_dispatch/middleware/request_id.rb:26:in `call'
rack (2.2.6.2) lib/rack/runtime.rb:22:in `call'
activesupport (7.0.4.2) lib/active_support/cache/strategy/local_cache_middleware.rb:29:in `call'
actionpack (7.0.4.2) lib/action_dispatch/middleware/server_timing.rb:61:in `block in call'
actionpack (7.0.4.2) lib/action_dispatch/middleware/server_timing.rb:26:in `collect_events'
actionpack (7.0.4.2) lib/action_dispatch/middleware/server_timing.rb:60:in `call'
actionpack (7.0.4.2) lib/action_dispatch/middleware/executor.rb:14:in `call'
actionpack (7.0.4.2) lib/action_dispatch/middleware/static.rb:23:in `call'
rack (2.2.6.2) lib/rack/sendfile.rb:110:in `call'
actionpack (7.0.4.2) lib/action_dispatch/middleware/host_authorization.rb:137:in `call'
rack-cors (2.0.0) lib/rack/cors.rb:102:in `call'
railties (7.0.4.2) lib/rails/engine.rb:530:in `call'
puma (5.6.5) lib/puma/configuration.rb:252:in `call'
puma (5.6.5) lib/puma/request.rb:77:in `block in handle_request'
puma (5.6.5) lib/puma/thread_pool.rb:340:in `with_force_shutdown'
puma (5.6.5) lib/puma/request.rb:76:in `handle_request'
puma (5.6.5) lib/puma/server.rb:443:in `process_client'
puma (5.6.5) lib/puma/thread_pool.rb:147:in `block in spawn_thread'
Started GET "/api/v1/holidays" for ::1 at 2023-02-22 11:16:04 +0000
  [1m[36mActiveRecord::SchemaMigration Pluck (0.1ms)[0m  [1m[34mSELECT "schema_migrations"."version" FROM "schema_migrations" ORDER BY "schema_migrations"."version" ASC[0m
  [1m[36mCACHE ActiveRecord::SchemaMigration Pluck (0.0ms)[0m  [1m[34mSELECT "schema_migrations"."version" FROM "schema_migrations" ORDER BY "schema_migrations"."version" ASC[0m
  
ActiveRecord::PendingMigrationError (

Migrations are pending. To resolve this issue, run:

        bin/rails db:migrate RAILS_ENV=development

You have 2 pending migrations:

20230222111036_create_holidays.rb
20230222111059_create_albums.rb


):
  
activerecord (7.0.4.2) lib/active_record/migration.rb:627:in `check_pending!'
activerecord (7.0.4.2) lib/active_record/migration.rb:592:in `block (2 levels) in call'
activesupport (7.0.4.2) lib/active_support/file_update_checker.rb:83:in `execute'
activerecord (7.0.4.2) lib/active_record/migration.rb:597:in `block in call'
activerecord (7.0.4.2) lib/active_record/migration.rb:589:in `synchronize'
activerecord (7.0.4.2) lib/active_record/migration.rb:589:in `call'
actionpack (7.0.4.2) lib/action_dispatch/middleware/callbacks.rb:27:in `block in call'
activesupport (7.0.4.2) lib/active_support/callbacks.rb:99:in `run_callbacks'
actionpack (7.0.4.2) lib/action_dispatch/middleware/callbacks.rb:26:in `call'
actionpack (7.0.4.2) lib/action_dispatch/middleware/executor.rb:14:in `call'
actionpack (7.0.4.2) lib/action_dispatch/middleware/actionable_exceptions.rb:17:in `call'
actionpack (7.0.4.2) lib/action_dispatch/middleware/debug_exceptions.rb:28:in `call'
actionpack (7.0.4.2) lib/action_dispatch/middleware/show_exceptions.rb:26:in `call'
railties (7.0.4.2) lib/rails/rack/logger.rb:40:in `call_app'
railties (7.0.4.2) lib/rails/rack/logger.rb:25:in `block in call'
activesupport (7.0.4.2) lib/active_support/tagged_logging.rb:99:in `block in tagged'
activesupport (7.0.4.2) lib/active_support/tagged_logging.rb:37:in `tagged'
activesupport (7.0.4.2) lib/active_support/tagged_logging.rb:99:in `tagged'
railties (7.0.4.2) lib/rails/rack/logger.rb:25:in `call'
actionpack (7.0.4.2) lib/action_dispatch/middleware/remote_ip.rb:93:in `call'
actionpack (7.0.4.2) lib/action_dispatch/middleware/request_id.rb:26:in `call'
rack (2.2.6.2) lib/rack/runtime.rb:22:in `call'
activesupport (7.0.4.2) lib/active_support/cache/strategy/local_cache_middleware.rb:29:in `call'
actionpack (7.0.4.2) lib/action_dispatch/middleware/server_timing.rb:61:in `block in call'
actionpack (7.0.4.2) lib/action_dispatch/middleware/server_timing.rb:26:in `collect_events'
actionpack (7.0.4.2) lib/action_dispatch/middleware/server_timing.rb:60:in `call'
actionpack (7.0.4.2) lib/action_dispatch/middleware/executor.rb:14:in `call'
actionpack (7.0.4.2) lib/action_dispatch/middleware/static.rb:23:in `call'
rack (2.2.6.2) lib/rack/sendfile.rb:110:in `call'
actionpack (7.0.4.2) lib/action_dispatch/middleware/host_authorization.rb:137:in `call'
rack-cors (2.0.0) lib/rack/cors.rb:102:in `call'
railties (7.0.4.2) lib/rails/engine.rb:530:in `call'
puma (5.6.5) lib/puma/configuration.rb:252:in `call'
puma (5.6.5) lib/puma/request.rb:77:in `block in handle_request'
puma (5.6.5) lib/puma/thread_pool.rb:340:in `with_force_shutdown'
puma (5.6.5) lib/puma/request.rb:76:in `handle_request'
puma (5.6.5) lib/puma/server.rb:443:in `process_client'
puma (5.6.5) lib/puma/thread_pool.rb:147:in `block in spawn_thread'
  [1m[36mActiveRecord::SchemaMigration Pluck (0.0ms)[0m  [1m[34mSELECT "schema_migrations"."version" FROM "schema_migrations" ORDER BY "schema_migrations"."version" ASC[0m
Migrating to CreateHolidays (20230222111036)
  [1m[36mTRANSACTION (0.0ms)[0m  [1m[36mbegin transaction[0m
  [1m[35m (0.2ms)[0m  [1m[35mCREATE TABLE "holidays" ("id" integer PRIMARY KEY AUTOINCREMENT NOT NULL, "title" varchar, "location" varchar, "google_map_url" varchar, "start_date" integer, "end_date" integer, "description" varchar, "created_at" datetime(6) NOT NULL, "updated_at" datetime(6) NOT NULL)[0m
  [1m[36mActiveRecord::SchemaMigration Create (0.1ms)[0m  [1m[32mINSERT INTO "schema_migrations" ("version") VALUES (?)[0m  [["version", "20230222111036"]]
  [1m[36mTRANSACTION (0.5ms)[0m  [1m[36mcommit transaction[0m
Migrating to CreateAlbums (20230222111059)
  [1m[36mTRANSACTION (0.0ms)[0m  [1m[36mbegin transaction[0m
  [1m[35m (0.2ms)[0m  [1m[35mCREATE TABLE "albums" ("id" integer PRIMARY KEY AUTOINCREMENT NOT NULL, "created_at" datetime(6) NOT NULL, "updated_at" datetime(6) NOT NULL)[0m
  [1m[36mActiveRecord::SchemaMigration Create (0.0ms)[0m  [1m[32mINSERT INTO "schema_migrations" ("version") VALUES (?)[0m  [["version", "20230222111059"]]
  [1m[36mTRANSACTION (0.3ms)[0m  [1m[36mcommit transaction[0m
  [1m[36mActiveRecord::InternalMetadata Load (0.1ms)[0m  [1m[34mSELECT "ar_internal_metadata".* FROM "ar_internal_metadata" WHERE "ar_internal_metadata"."key" = ? LIMIT ?[0m  [["key", "environment"], ["LIMIT", 1]]
  [1m[36mTRANSACTION (0.0ms)[0m  [1m[36mbegin transaction[0m
  [1m[36mActiveRecord::InternalMetadata Create (0.2ms)[0m  [1m[32mINSERT INTO "ar_internal_metadata" ("key", "value", "created_at", "updated_at") VALUES (?, ?, ?, ?)[0m  [["key", "environment"], ["value", "development"], ["created_at", "2023-02-22 11:16:14.002381"], ["updated_at", "2023-02-22 11:16:14.002381"]]
  [1m[36mTRANSACTION (0.3ms)[0m  [1m[36mcommit transaction[0m
  [1m[36mActiveRecord::SchemaMigration Pluck (0.0ms)[0m  [1m[34mSELECT "schema_migrations"."version" FROM "schema_migrations" ORDER BY "schema_migrations"."version" ASC[0m
Started GET "/api/v1/holidays" for ::1 at 2023-02-22 11:16:16 +0000
  [1m[36mActiveRecord::SchemaMigration Pluck (0.0ms)[0m  [1m[34mSELECT "schema_migrations"."version" FROM "schema_migrations" ORDER BY "schema_migrations"."version" ASC[0m
Processing by Api::V1::HolidaysController#index as HTML
  [1m[36mHoliday Load (0.1ms)[0m  [1m[34mSELECT "holidays".* FROM "holidays"[0m
  ↳ app/controllers/api/v1/holidays_controller.rb:8:in `index'
Completed 200 OK in 6ms (Views: 0.8ms | ActiveRecord: 0.1ms | Allocations: 3627)


  [1m[36mActiveRecord::SchemaMigration Pluck (0.1ms)[0m  [1m[34mSELECT "schema_migrations"."version" FROM "schema_migrations" ORDER BY "schema_migrations"."version" ASC[0m
Migrating to AddReferenceToHolidays (20230222111701)
  [1m[36mTRANSACTION (0.0ms)[0m  [1m[36mbegin transaction[0m
  [1m[35m (0.3ms)[0m  [1m[35mALTER TABLE "holidays" ADD "album_id" integer[0m
  [1m[35m (0.0ms)[0m  [1m[35mCREATE INDEX "index_holidays_on_album_id" ON "holidays" ("album_id")[0m
  [1m[35m (0.0ms)[0m  [1m[35mPRAGMA foreign_keys[0m
  [1m[35m (0.0ms)[0m  [1m[35mPRAGMA defer_foreign_keys[0m
  [1m[35m (0.0ms)[0m  [1m[35mPRAGMA defer_foreign_keys = ON[0m
  [1m[35m (0.0ms)[0m  [1m[35mPRAGMA foreign_keys = OFF[0m
  [1m[35m (0.0ms)[0m  [1m[35mCREATE TEMPORARY TABLE "aholidays" ("id" integer NOT NULL PRIMARY KEY, "title" varchar DEFAULT NULL, "location" varchar DEFAULT NULL, "google_map_url" varchar DEFAULT NULL, "start_date" integer DEFAULT NULL, "end_date" integer DEFAULT NULL, "description" varchar DEFAULT NULL, "created_at" datetime(6) NOT NULL, "updated_at" datetime(6) NOT NULL, "album_id" integer DEFAULT NULL)[0m
  [1m[35m (0.0ms)[0m  [1m[35mCREATE INDEX "tindex_aholidays_on_album_id" ON "aholidays" ("album_id")[0m
  [1m[35m (0.0ms)[0m  [1m[32mINSERT INTO "aholidays" ("id","title","location","google_map_url","start_date","end_date","description","created_at","updated_at","album_id")
                     SELECT "id","title","location","google_map_url","start_date","end_date","description","created_at","updated_at","album_id" FROM "holidays"[0m
  [1m[35m (0.1ms)[0m  [1m[35mDROP TABLE "holidays"[0m
  [1m[35m (0.0ms)[0m  [1m[35mCREATE TABLE "holidays" ("id" integer NOT NULL PRIMARY KEY, "title" varchar DEFAULT NULL, "location" varchar DEFAULT NULL, "google_map_url" varchar DEFAULT NULL, "start_date" integer DEFAULT NULL, "end_date" integer DEFAULT NULL, "description" varchar DEFAULT NULL, "created_at" datetime(6) NOT NULL, "updated_at" datetime(6) NOT NULL, "album_id" integer DEFAULT NULL, CONSTRAINT "fk_rails_4ed677e110"
FOREIGN KEY ("album_id")
  REFERENCES "albums" ("id")
)[0m
  [1m[35m (0.0ms)[0m  [1m[35mCREATE INDEX "index_holidays_on_album_id" ON "holidays" ("album_id")[0m
  [1m[35m (0.0ms)[0m  [1m[32mINSERT INTO "holidays" ("id","title","location","google_map_url","start_date","end_date","description","created_at","updated_at","album_id")
                     SELECT "id","title","location","google_map_url","start_date","end_date","description","created_at","updated_at","album_id" FROM "aholidays"[0m
  [1m[35m (0.0ms)[0m  [1m[35mDROP TABLE "aholidays"[0m
  [1m[35m (0.0ms)[0m  [1m[35mPRAGMA defer_foreign_keys = 0[0m
  [1m[35m (0.0ms)[0m  [1m[35mPRAGMA foreign_keys = 1[0m
  [1m[36mActiveRecord::SchemaMigration Create (0.1ms)[0m  [1m[32mINSERT INTO "schema_migrations" ("version") VALUES (?)[0m  [["version", "20230222111701"]]
  [1m[36mTRANSACTION (0.4ms)[0m  [1m[36mcommit transaction[0m
  [1m[36mActiveRecord::InternalMetadata Load (0.1ms)[0m  [1m[34mSELECT "ar_internal_metadata".* FROM "ar_internal_metadata" WHERE "ar_internal_metadata"."key" = ? LIMIT ?[0m  [["key", "environment"], ["LIMIT", 1]]
  [1m[36mActiveRecord::SchemaMigration Pluck (0.0ms)[0m  [1m[34mSELECT "schema_migrations"."version" FROM "schema_migrations" ORDER BY "schema_migrations"."version" ASC[0m
  [1m[36mActiveRecord::SchemaMigration Pluck (0.1ms)[0m  [1m[34mSELECT "schema_migrations"."version" FROM "schema_migrations" ORDER BY "schema_migrations"."version" ASC[0m
  [1m[36mActiveRecord::SchemaMigration Pluck (0.0ms)[0m  [1m[34mSELECT "schema_migrations"."version" FROM "schema_migrations" ORDER BY "schema_migrations"."version" ASC[0m
  [1m[36mActiveRecord::SchemaMigration Pluck (0.0ms)[0m  [1m[34mSELECT "schema_migrations"."version" FROM "schema_migrations" ORDER BY "schema_migrations"."version" ASC[0m
  [1m[36mActiveRecord::SchemaMigration Pluck (0.0ms)[0m  [1m[34mSELECT "schema_migrations"."version" FROM "schema_migrations" ORDER BY "schema_migrations"."version" ASC[0m
  [1m[36mActiveRecord::SchemaMigration Pluck (0.1ms)[0m  [1m[34mSELECT "schema_migrations"."version" FROM "schema_migrations" ORDER BY "schema_migrations"."version" ASC[0m
  [1m[36mTRANSACTION (0.0ms)[0m  [1m[36mbegin transaction[0m
  [1m[36mHoliday Create (0.4ms)[0m  [1m[32mINSERT INTO "holidays" ("title", "location", "google_map_url", "start_date", "end_date", "description", "created_at", "updated_at", "album_id") VALUES (?, ?, ?, ?, ?, ?, ?, ?, ?)[0m  [["title", "Copenhagen"], ["location", "Denmark"], ["google_map_url", "https://www.google.com/maps/place/Copenhagen"], ["start_date", 1], ["end_date", 3], ["description", "Copenhagen is a unique city, characterized by its canals, cycling culture, strong economy, and happy locals. It is actually known as being the happiest city in the world, due to its shorter workdays, free college tuition, more vacation days, and levels of personal interaction!"], ["created_at", "2023-02-22 11:25:03.570602"], ["updated_at", "2023-02-22 11:25:03.570602"], ["album_id", nil]]
  [1m[36mTRANSACTION (0.3ms)[0m  [1m[36mcommit transaction[0m
  [1m[36mTRANSACTION (0.0ms)[0m  [1m[36mbegin transaction[0m
  [1m[36mHoliday Create (0.1ms)[0m  [1m[32mINSERT INTO "holidays" ("title", "location", "google_map_url", "start_date", "end_date", "description", "created_at", "updated_at", "album_id") VALUES (?, ?, ?, ?, ?, ?, ?, ?, ?)[0m  [["title", "Reyjkavik"], ["location", "Iceland"], ["google_map_url", "https://www.google.com/maps/place/Reykjav%C3%ADk,+Iceland/@64.1319782,-21.9162021,11.8z/data=!4m6!3m5!1s0x48d674b9eedcedc3:0xec912ca230d26071!8m2!3d64.146582!4d-21.9426354!16zL20vMDZmbGc"], ["start_date", 12], ["end_date", 15], ["description", "Amazing scenery, felt like an alien world, especially the blue lagoon!"], ["created_at", "2023-02-22 11:25:03.572770"], ["updated_at", "2023-02-22 11:25:03.572770"], ["album_id", nil]]
  [1m[36mTRANSACTION (0.2ms)[0m  [1m[36mcommit transaction[0m
  [1m[36mTRANSACTION (0.0ms)[0m  [1m[36mbegin transaction[0m
  [1m[36mHoliday Create (0.1ms)[0m  [1m[32mINSERT INTO "holidays" ("title", "location", "google_map_url", "start_date", "end_date", "description", "created_at", "updated_at", "album_id") VALUES (?, ?, ?, ?, ?, ?, ?, ?, ?)[0m  [["title", "Edinburgh"], ["location", "Scotland"], ["google_map_url", "https://www.google.com/maps/place/Edinburgh"], ["start_date", 2], ["end_date", 5], ["description", "Edinburgh is an amazing city, characterized by its great scenery and food. We went shopping, ate alot of food! and explored the various sites, looking at the castle from the outside (it was too expensive!)."], ["created_at", "2023-02-22 11:25:03.574031"], ["updated_at", "2023-02-22 11:25:03.574031"], ["album_id", nil]]
  [1m[36mTRANSACTION (0.2ms)[0m  [1m[36mcommit transaction[0m
Started GET "/api/v1/holidays" for ::1 at 2023-02-22 11:25:13 +0000
  [1m[36mActiveRecord::SchemaMigration Pluck (0.0ms)[0m  [1m[34mSELECT "schema_migrations"."version" FROM "schema_migrations" ORDER BY "schema_migrations"."version" ASC[0m
Processing by Api::V1::HolidaysController#index as HTML
  [1m[36mHoliday Load (0.1ms)[0m  [1m[34mSELECT "holidays".* FROM "holidays"[0m
  ↳ app/controllers/api/v1/holidays_controller.rb:8:in `index'
Completed 200 OK in 5ms (Views: 4.1ms | ActiveRecord: 0.2ms | Allocations: 9109)


  [1m[36mActiveRecord::SchemaMigration Pluck (0.0ms)[0m  [1m[34mSELECT "schema_migrations"."version" FROM "schema_migrations" ORDER BY "schema_migrations"."version" ASC[0m
  [1m[36mTRANSACTION (0.0ms)[0m  [1m[36mbegin transaction[0m
  [1m[36mHoliday Create (0.2ms)[0m  [1m[32mINSERT INTO "holidays" ("title", "location", "google_map_url", "start_date", "end_date", "description", "created_at", "updated_at", "album_id") VALUES (?, ?, ?, ?, ?, ?, ?, ?, ?)[0m  [["title", "Copenhagen"], ["location", "Denmark"], ["google_map_url", "https://www.google.com/maps/place/Copenhagen"], ["start_date", 1], ["end_date", 3], ["description", "Copenhagen is a unique city, characterized by its canals, cycling culture, strong economy, and happy locals. It is actually known as being the happiest city in the world, due to its shorter workdays, free college tuition, more vacation days, and levels of personal interaction!"], ["created_at", "2023-02-22 11:31:43.273506"], ["updated_at", "2023-02-22 11:31:43.273506"], ["album_id", nil]]
  [1m[36mTRANSACTION (0.2ms)[0m  [1m[36mcommit transaction[0m
  [1m[36mActiveRecord::SchemaMigration Pluck (0.0ms)[0m  [1m[34mSELECT "schema_migrations"."version" FROM "schema_migrations" ORDER BY "schema_migrations"."version" ASC[0m
  [1m[36mTRANSACTION (0.0ms)[0m  [1m[36mbegin transaction[0m
  [1m[36mHoliday Create (0.2ms)[0m  [1m[32mINSERT INTO "holidays" ("title", "location", "google_map_url", "start_date", "end_date", "description", "created_at", "updated_at", "album_id") VALUES (?, ?, ?, ?, ?, ?, ?, ?, ?)[0m  [["title", "Copenhagen"], ["location", "Denmark"], ["google_map_url", "https://www.google.com/maps/place/Copenhagen"], ["start_date", 1], ["end_date", 3], ["description", "Copenhagen is a unique city, characterized by its canals, cycling culture, strong economy, and happy locals. It is actually known as being the happiest city in the world, due to its shorter workdays, free college tuition, more vacation days, and levels of personal interaction!"], ["created_at", "2023-02-22 11:32:17.663810"], ["updated_at", "2023-02-22 11:32:17.663810"], ["album_id", nil]]
  [1m[36mTRANSACTION (0.3ms)[0m  [1m[36mcommit transaction[0m
  [1m[36mTRANSACTION (0.0ms)[0m  [1m[36mbegin transaction[0m
  [1m[36mHoliday Create (0.1ms)[0m  [1m[32mINSERT INTO "holidays" ("title", "location", "google_map_url", "start_date", "end_date", "description", "created_at", "updated_at", "album_id") VALUES (?, ?, ?, ?, ?, ?, ?, ?, ?)[0m  [["title", "Reyjkavik"], ["location", "Iceland"], ["google_map_url", "https://www.google.com/maps/place/Reykjav%C3%ADk,+Iceland/@64.1319782,-21.9162021,11.8z/data=!4m6!3m5!1s0x48d674b9eedcedc3:0xec912ca230d26071!8m2!3d64.146582!4d-21.9426354!16zL20vMDZmbGc"], ["start_date", 12], ["end_date", 15], ["description", "Amazing scenery, felt like an alien world, especially the blue lagoon!"], ["created_at", "2023-02-22 11:32:17.665726"], ["updated_at", "2023-02-22 11:32:17.665726"], ["album_id", nil]]
  [1m[36mTRANSACTION (0.2ms)[0m  [1m[36mcommit transaction[0m
  [1m[36mTRANSACTION (0.0ms)[0m  [1m[36mbegin transaction[0m
  [1m[36mHoliday Create (0.1ms)[0m  [1m[32mINSERT INTO "holidays" ("title", "location", "google_map_url", "start_date", "end_date", "description", "created_at", "updated_at", "album_id") VALUES (?, ?, ?, ?, ?, ?, ?, ?, ?)[0m  [["title", "Edinburgh"], ["location", "Scotland"], ["google_map_url", "https://www.google.com/maps/place/Edinburgh"], ["start_date", 2], ["end_date", 5], ["description", "Edinburgh is an amazing city, characterized by its great scenery and food. We went shopping, ate alot of food! and explored the various sites, looking at the castle from the outside (it was too expensive!)."], ["created_at", "2023-02-22 11:32:17.666989"], ["updated_at", "2023-02-22 11:32:17.666989"], ["album_id", nil]]
  [1m[36mTRANSACTION (0.2ms)[0m  [1m[36mcommit transaction[0m
Started GET "/api/v1/holidays" for ::1 at 2023-02-22 11:32:26 +0000
Processing by Api::V1::HolidaysController#index as HTML
  [1m[36mHoliday Load (0.6ms)[0m  [1m[34mSELECT "holidays".* FROM "holidays"[0m
  ↳ app/controllers/api/v1/holidays_controller.rb:8:in `index'
Completed 200 OK in 8ms (Views: 7.1ms | ActiveRecord: 1.5ms | Allocations: 1994)


  [1m[36mActiveRecord::SchemaMigration Pluck (0.0ms)[0m  [1m[34mSELECT "schema_migrations"."version" FROM "schema_migrations" ORDER BY "schema_migrations"."version" ASC[0m
Migrating to AddImageToHolidays (20230222113928)
  [1m[36mTRANSACTION (0.0ms)[0m  [1m[36mbegin transaction[0m
  [1m[35m (0.2ms)[0m  [1m[35mALTER TABLE "holidays" ADD "image" varchar[0m
  [1m[36mActiveRecord::SchemaMigration Create (0.1ms)[0m  [1m[32mINSERT INTO "schema_migrations" ("version") VALUES (?)[0m  [["version", "20230222113928"]]
  [1m[36mTRANSACTION (0.3ms)[0m  [1m[36mcommit transaction[0m
  [1m[36mActiveRecord::InternalMetadata Load (0.2ms)[0m  [1m[34mSELECT "ar_internal_metadata".* FROM "ar_internal_metadata" WHERE "ar_internal_metadata"."key" = ? LIMIT ?[0m  [["key", "environment"], ["LIMIT", 1]]
  [1m[36mActiveRecord::SchemaMigration Pluck (0.0ms)[0m  [1m[34mSELECT "schema_migrations"."version" FROM "schema_migrations" ORDER BY "schema_migrations"."version" ASC[0m
  [1m[36mActiveRecord::SchemaMigration Pluck (0.0ms)[0m  [1m[34mSELECT "schema_migrations"."version" FROM "schema_migrations" ORDER BY "schema_migrations"."version" ASC[0m
Started GET "/api/v1/holidays" for ::1 at 2023-02-22 12:02:57 +0000
  [1m[36mActiveRecord::SchemaMigration Pluck (0.0ms)[0m  [1m[34mSELECT "schema_migrations"."version" FROM "schema_migrations" ORDER BY "schema_migrations"."version" ASC[0m
Processing by Api::V1::HolidaysController#index as HTML
  [1m[36mHoliday Load (0.3ms)[0m  [1m[34mSELECT "holidays".* FROM "holidays"[0m
  ↳ app/controllers/api/v1/holidays_controller.rb:8:in `index'
Completed 500 Internal Server Error in 13ms (ActiveRecord: 0.3ms | Allocations: 9563)


  
ActiveRecord::StatementInvalid (Could not find table 'active_storage_attachments'):
  
app/controllers/api/v1/holidays_controller.rb:8:in `index'
  [1m[36mActiveRecord::SchemaMigration Pluck (0.0ms)[0m  [1m[34mSELECT "schema_migrations"."version" FROM "schema_migrations" ORDER BY "schema_migrations"."version" ASC[0m
  [1m[36mTRANSACTION (0.0ms)[0m  [1m[36mbegin transaction[0m
  [1m[36mHoliday Create (0.4ms)[0m  [1m[32mINSERT INTO "holidays" ("title", "location", "google_map_url", "start_date", "end_date", "description", "created_at", "updated_at", "album_id", "image") VALUES (?, ?, ?, ?, ?, ?, ?, ?, ?, ?)[0m  [["title", "Copenhagen"], ["location", "Denmark"], ["google_map_url", "https://www.google.com/maps/place/Copenhagen"], ["start_date", 1], ["end_date", 3], ["description", "Copenhagen is a unique city, characterized by its canals, cycling culture, strong economy, and happy locals. It is actually known as being the happiest city in the world, due to its shorter workdays, free college tuition, more vacation days, and levels of personal interaction!"], ["created_at", "2023-02-22 12:03:29.009683"], ["updated_at", "2023-02-22 12:03:29.009683"], ["album_id", nil], ["image", "https://images.unsplash.com/photo-1513622470522-26c3c8a854bc?ixlib=rb-4.0.3&ixid=MnwxMjA3fDB8MHxwaG90by1wYWdlfHx8fGVufDB8fHx8&auto=format&fit=crop&w=2070&q=80"]]
  [1m[36mTRANSACTION (0.3ms)[0m  [1m[36mcommit transaction[0m
  [1m[36mTRANSACTION (0.0ms)[0m  [1m[36mbegin transaction[0m
  [1m[36mHoliday Create (0.1ms)[0m  [1m[32mINSERT INTO "holidays" ("title", "location", "google_map_url", "start_date", "end_date", "description", "created_at", "updated_at", "album_id", "image") VALUES (?, ?, ?, ?, ?, ?, ?, ?, ?, ?)[0m  [["title", "Reyjkavik"], ["location", "Iceland"], ["google_map_url", "https://www.google.com/maps/place/Reykjav%C3%ADk,+Iceland/@64.1319782,-21.9162021,11.8z/data=!4m6!3m5!1s0x48d674b9eedcedc3:0xec912ca230d26071!8m2!3d64.146582!4d-21.9426354!16zL20vMDZmbGc"], ["start_date", 12], ["end_date", 15], ["description", "Amazing scenery, felt like an alien world, especially the blue lagoon!"], ["created_at", "2023-02-22 12:03:29.011604"], ["updated_at", "2023-02-22 12:03:29.011604"], ["album_id", nil], ["image", "https://images.unsplash.com/photo-1630316710923-60d1c6935503?ixlib=rb-4.0.3&ixid=MnwxMjA3fDB8MHxwaG90by1wYWdlfHx8fGVufDB8fHx8&auto=format&fit=crop&w=987&q=80"]]
  [1m[36mTRANSACTION (0.2ms)[0m  [1m[36mcommit transaction[0m
  [1m[36mTRANSACTION (0.0ms)[0m  [1m[36mbegin transaction[0m
  [1m[36mHoliday Create (0.1ms)[0m  [1m[32mINSERT INTO "holidays" ("title", "location", "google_map_url", "start_date", "end_date", "description", "created_at", "updated_at", "album_id", "image") VALUES (?, ?, ?, ?, ?, ?, ?, ?, ?, ?)[0m  [["title", "Edinburgh"], ["location", "Scotland"], ["google_map_url", "https://www.google.com/maps/place/Edinburgh"], ["start_date", 2], ["end_date", 5], ["description", "Edinburgh is an amazing city, characterized by its great scenery and food. We went shopping, ate alot of food! and explored the various sites, looking at the castle from the outside (it was too expensive!)."], ["created_at", "2023-02-22 12:03:29.012756"], ["updated_at", "2023-02-22 12:03:29.012756"], ["album_id", nil], ["image", "https://images.unsplash.com/photo-1535448033526-c0e85c9e6968?ixlib=rb-4.0.3&ixid=MnwxMjA3fDB8MHxwaG90by1wYWdlfHx8fGVufDB8fHx8&auto=format&fit=crop&w=2070&q=80"]]
  [1m[36mTRANSACTION (0.4ms)[0m  [1m[36mcommit transaction[0m
Started GET "/api/v1/holidays" for ::1 at 2023-02-22 12:03:31 +0000
Processing by Api::V1::HolidaysController#index as HTML
  [1m[36mHoliday Load (0.1ms)[0m  [1m[34mSELECT "holidays".* FROM "holidays"[0m
  ↳ app/controllers/api/v1/holidays_controller.rb:8:in `index'
Completed 200 OK in 5ms (Views: 3.9ms | ActiveRecord: 0.4ms | Allocations: 7226)


  [1m[36mActiveRecord::SchemaMigration Pluck (0.0ms)[0m  [1m[34mSELECT "schema_migrations"."version" FROM "schema_migrations" ORDER BY "schema_migrations"."version" ASC[0m
  [1m[36mActiveRecord::InternalMetadata Pluck (0.1ms)[0m  [1m[34mSELECT "ar_internal_metadata"."value" FROM "ar_internal_metadata" WHERE "ar_internal_metadata"."key" = ? LIMIT ?[0m  [["key", "environment"], ["LIMIT", 1]]
  [1m[36mActiveRecord::SchemaMigration Pluck (0.0ms)[0m  [1m[34mSELECT "schema_migrations"."version" FROM "schema_migrations" ORDER BY "schema_migrations"."version" ASC[0m
  [1m[36mActiveRecord::InternalMetadata Pluck (0.0ms)[0m  [1m[34mSELECT "ar_internal_metadata"."value" FROM "ar_internal_metadata" WHERE "ar_internal_metadata"."key" = ? LIMIT ?[0m  [["key", "environment"], ["LIMIT", 1]]
  [1m[36mActiveRecord::SchemaMigration Pluck (0.0ms)[0m  [1m[34mSELECT "schema_migrations"."version" FROM "schema_migrations" ORDER BY "schema_migrations"."version" ASC[0m
  [1m[36mActiveRecord::InternalMetadata Pluck (0.0ms)[0m  [1m[34mSELECT "ar_internal_metadata"."value" FROM "ar_internal_metadata" WHERE "ar_internal_metadata"."key" = ? LIMIT ?[0m  [["key", "environment"], ["LIMIT", 1]]
Started GET "/api/v1/holidays" for ::1 at 2023-02-22 12:04:43 +0000
Processing by Api::V1::HolidaysController#index as HTML
  [1m[36mHoliday Load (0.1ms)[0m  [1m[34mSELECT "holidays".* FROM "holidays"[0m
  ↳ app/controllers/api/v1/holidays_controller.rb:8:in `index'
Completed 200 OK in 2ms (Views: 2.1ms | ActiveRecord: 0.1ms | Allocations: 2304)


Started GET "/api/v1/holidays" for ::1 at 2023-02-22 12:04:45 +0000
Processing by Api::V1::HolidaysController#index as HTML
  [1m[36mHoliday Load (0.3ms)[0m  [1m[34mSELECT "holidays".* FROM "holidays"[0m
  ↳ app/controllers/api/v1/holidays_controller.rb:8:in `index'
Completed 200 OK in 7ms (Views: 6.0ms | ActiveRecord: 0.3ms | Allocations: 2299)


Started GET "/api/v1/holidays" for ::1 at 2023-02-22 12:04:45 +0000
Processing by Api::V1::HolidaysController#index as HTML
  [1m[36mHoliday Load (0.6ms)[0m  [1m[34mSELECT "holidays".* FROM "holidays"[0m
  ↳ app/controllers/api/v1/holidays_controller.rb:8:in `index'
Completed 200 OK in 7ms (Views: 5.9ms | ActiveRecord: 0.6ms | Allocations: 2284)


Started GET "/api/v1/holidays" for ::1 at 2023-02-22 12:04:46 +0000
Processing by Api::V1::HolidaysController#index as HTML
  [1m[36mHoliday Load (0.2ms)[0m  [1m[34mSELECT "holidays".* FROM "holidays"[0m
  ↳ app/controllers/api/v1/holidays_controller.rb:8:in `index'
Completed 200 OK in 6ms (Views: 5.7ms | ActiveRecord: 0.2ms | Allocations: 2284)


Started GET "/favicon.ico" for ::1 at 2023-02-22 12:04:46 +0000
  
ActionController::RoutingError (No route matches [GET] "/favicon.ico"):
  
  [1m[35m (0.4ms)[0m  [1m[35mCREATE TABLE "schema_migrations" ("version" varchar NOT NULL PRIMARY KEY)[0m
  [1m[35m (2.3ms)[0m  [1m[35mCREATE TABLE "ar_internal_metadata" ("key" varchar NOT NULL PRIMARY KEY, "value" varchar, "created_at" datetime(6) NOT NULL, "updated_at" datetime(6) NOT NULL)[0m
  [1m[36mActiveRecord::SchemaMigration Pluck (0.0ms)[0m  [1m[34mSELECT "schema_migrations"."version" FROM "schema_migrations" ORDER BY "schema_migrations"."version" ASC[0m
Migrating to CreateHolidays (20230222111036)
  [1m[36mTRANSACTION (0.0ms)[0m  [1m[36mbegin transaction[0m
  [1m[35m (0.2ms)[0m  [1m[35mCREATE TABLE "holidays" ("id" integer PRIMARY KEY AUTOINCREMENT NOT NULL, "title" varchar, "location" varchar, "google_map_url" varchar, "start_date" integer, "end_date" integer, "description" varchar, "created_at" datetime(6) NOT NULL, "updated_at" datetime(6) NOT NULL)[0m
  [1m[36mActiveRecord::SchemaMigration Create (0.1ms)[0m  [1m[32mINSERT INTO "schema_migrations" ("version") VALUES (?)[0m  [["version", "20230222111036"]]
  [1m[36mTRANSACTION (0.3ms)[0m  [1m[36mcommit transaction[0m
Migrating to CreateAlbums (20230222111059)
  [1m[36mTRANSACTION (0.0ms)[0m  [1m[36mbegin transaction[0m
  [1m[35m (0.1ms)[0m  [1m[35mCREATE TABLE "albums" ("id" integer PRIMARY KEY AUTOINCREMENT NOT NULL, "created_at" datetime(6) NOT NULL, "updated_at" datetime(6) NOT NULL)[0m
  [1m[36mActiveRecord::SchemaMigration Create (0.0ms)[0m  [1m[32mINSERT INTO "schema_migrations" ("version") VALUES (?)[0m  [["version", "20230222111059"]]
  [1m[36mTRANSACTION (0.2ms)[0m  [1m[36mcommit transaction[0m
Migrating to AddReferenceToHolidays (20230222111701)
  [1m[36mTRANSACTION (0.0ms)[0m  [1m[36mbegin transaction[0m
  [1m[35m (0.2ms)[0m  [1m[35mALTER TABLE "holidays" ADD "album_id" integer[0m
  [1m[35m (0.0ms)[0m  [1m[35mCREATE INDEX "index_holidays_on_album_id" ON "holidays" ("album_id")[0m
  [1m[35m (0.0ms)[0m  [1m[35mPRAGMA foreign_keys[0m
  [1m[35m (0.0ms)[0m  [1m[35mPRAGMA defer_foreign_keys[0m
  [1m[35m (0.0ms)[0m  [1m[35mPRAGMA defer_foreign_keys = ON[0m
  [1m[35m (0.0ms)[0m  [1m[35mPRAGMA foreign_keys = OFF[0m
  [1m[35m (0.0ms)[0m  [1m[35mCREATE TEMPORARY TABLE "aholidays" ("id" integer NOT NULL PRIMARY KEY, "title" varchar DEFAULT NULL, "location" varchar DEFAULT NULL, "google_map_url" varchar DEFAULT NULL, "start_date" integer DEFAULT NULL, "end_date" integer DEFAULT NULL, "description" varchar DEFAULT NULL, "created_at" datetime(6) NOT NULL, "updated_at" datetime(6) NOT NULL, "album_id" integer DEFAULT NULL)[0m
  [1m[35m (0.0ms)[0m  [1m[35mCREATE INDEX "tindex_aholidays_on_album_id" ON "aholidays" ("album_id")[0m
  [1m[35m (0.0ms)[0m  [1m[32mINSERT INTO "aholidays" ("id","title","location","google_map_url","start_date","end_date","description","created_at","updated_at","album_id")
                     SELECT "id","title","location","google_map_url","start_date","end_date","description","created_at","updated_at","album_id" FROM "holidays"[0m
  [1m[35m (0.1ms)[0m  [1m[35mDROP TABLE "holidays"[0m
  [1m[35m (0.0ms)[0m  [1m[35mCREATE TABLE "holidays" ("id" integer NOT NULL PRIMARY KEY, "title" varchar DEFAULT NULL, "location" varchar DEFAULT NULL, "google_map_url" varchar DEFAULT NULL, "start_date" integer DEFAULT NULL, "end_date" integer DEFAULT NULL, "description" varchar DEFAULT NULL, "created_at" datetime(6) NOT NULL, "updated_at" datetime(6) NOT NULL, "album_id" integer DEFAULT NULL, CONSTRAINT "fk_rails_4ed677e110"
FOREIGN KEY ("album_id")
  REFERENCES "albums" ("id")
)[0m
  [1m[35m (0.0ms)[0m  [1m[35mCREATE INDEX "index_holidays_on_album_id" ON "holidays" ("album_id")[0m
  [1m[35m (0.0ms)[0m  [1m[32mINSERT INTO "holidays" ("id","title","location","google_map_url","start_date","end_date","description","created_at","updated_at","album_id")
                     SELECT "id","title","location","google_map_url","start_date","end_date","description","created_at","updated_at","album_id" FROM "aholidays"[0m
  [1m[35m (0.0ms)[0m  [1m[35mDROP TABLE "aholidays"[0m
  [1m[35m (0.0ms)[0m  [1m[35mPRAGMA defer_foreign_keys = 0[0m
  [1m[35m (0.0ms)[0m  [1m[35mPRAGMA foreign_keys = 1[0m
  [1m[36mActiveRecord::SchemaMigration Create (0.0ms)[0m  [1m[32mINSERT INTO "schema_migrations" ("version") VALUES (?)[0m  [["version", "20230222111701"]]
  [1m[36mTRANSACTION (0.3ms)[0m  [1m[36mcommit transaction[0m
Migrating to AddImageToHolidays (20230222113928)
  [1m[36mTRANSACTION (0.0ms)[0m  [1m[36mbegin transaction[0m
  [1m[35m (0.2ms)[0m  [1m[35mALTER TABLE "holidays" ADD "image" varchar[0m
  [1m[36mActiveRecord::SchemaMigration Create (0.0ms)[0m  [1m[32mINSERT INTO "schema_migrations" ("version") VALUES (?)[0m  [["version", "20230222113928"]]
  [1m[36mTRANSACTION (0.2ms)[0m  [1m[36mcommit transaction[0m
  [1m[36mActiveRecord::InternalMetadata Load (0.0ms)[0m  [1m[34mSELECT "ar_internal_metadata".* FROM "ar_internal_metadata" WHERE "ar_internal_metadata"."key" = ? LIMIT ?[0m  [["key", "environment"], ["LIMIT", 1]]
  [1m[36mTRANSACTION (0.0ms)[0m  [1m[36mbegin transaction[0m
  [1m[36mActiveRecord::InternalMetadata Create (0.1ms)[0m  [1m[32mINSERT INTO "ar_internal_metadata" ("key", "value", "created_at", "updated_at") VALUES (?, ?, ?, ?)[0m  [["key", "environment"], ["value", "development"], ["created_at", "2023-02-22 12:04:55.033323"], ["updated_at", "2023-02-22 12:04:55.033323"]]
  [1m[36mTRANSACTION (0.2ms)[0m  [1m[36mcommit transaction[0m
  [1m[36mActiveRecord::SchemaMigration Pluck (0.0ms)[0m  [1m[34mSELECT "schema_migrations"."version" FROM "schema_migrations" ORDER BY "schema_migrations"."version" ASC[0m
Started GET "/api/v1/holidays" for ::1 at 2023-02-22 12:04:58 +0000
Processing by Api::V1::HolidaysController#index as HTML
  [1m[36mHoliday Load (0.0ms)[0m  [1m[34mSELECT "holidays".* FROM "holidays"[0m
  ↳ app/controllers/api/v1/holidays_controller.rb:8:in `index'
Completed 200 OK in 2ms (Views: 0.9ms | ActiveRecord: 0.2ms | Allocations: 2024)


Started GET "/favicon.ico" for ::1 at 2023-02-22 12:04:58 +0000
  
ActionController::RoutingError (No route matches [GET] "/favicon.ico"):
  
  [1m[36mActiveRecord::SchemaMigration Pluck (0.0ms)[0m  [1m[34mSELECT "schema_migrations"."version" FROM "schema_migrations" ORDER BY "schema_migrations"."version" ASC[0m
  [1m[36mTRANSACTION (0.0ms)[0m  [1m[36mbegin transaction[0m
  [1m[36mHoliday Create (0.2ms)[0m  [1m[32mINSERT INTO "holidays" ("title", "location", "google_map_url", "start_date", "end_date", "description", "created_at", "updated_at", "album_id", "image") VALUES (?, ?, ?, ?, ?, ?, ?, ?, ?, ?)[0m  [["title", "Copenhagen"], ["location", "Denmark"], ["google_map_url", "https://www.google.com/maps/place/Copenhagen"], ["start_date", 1], ["end_date", 3], ["description", "Copenhagen is a unique city, characterized by its canals, cycling culture, strong economy, and happy locals. It is actually known as being the happiest city in the world, due to its shorter workdays, free college tuition, more vacation days, and levels of personal interaction!"], ["created_at", "2023-02-22 12:05:03.352493"], ["updated_at", "2023-02-22 12:05:03.352493"], ["album_id", nil], ["image", "https://images.unsplash.com/photo-1513622470522-26c3c8a854bc?ixlib=rb-4.0.3&ixid=MnwxMjA3fDB8MHxwaG90by1wYWdlfHx8fGVufDB8fHx8&auto=format&fit=crop&w=2070&q=80"]]
  [1m[36mTRANSACTION (0.3ms)[0m  [1m[36mcommit transaction[0m
  [1m[36mTRANSACTION (0.0ms)[0m  [1m[36mbegin transaction[0m
  [1m[36mHoliday Create (0.1ms)[0m  [1m[32mINSERT INTO "holidays" ("title", "location", "google_map_url", "start_date", "end_date", "description", "created_at", "updated_at", "album_id", "image") VALUES (?, ?, ?, ?, ?, ?, ?, ?, ?, ?)[0m  [["title", "Reyjkavik"], ["location", "Iceland"], ["google_map_url", "https://www.google.com/maps/place/Reykjav%C3%ADk,+Iceland/@64.1319782,-21.9162021,11.8z/data=!4m6!3m5!1s0x48d674b9eedcedc3:0xec912ca230d26071!8m2!3d64.146582!4d-21.9426354!16zL20vMDZmbGc"], ["start_date", 12], ["end_date", 15], ["description", "Amazing scenery, felt like an alien world, especially the blue lagoon!"], ["created_at", "2023-02-22 12:05:03.354277"], ["updated_at", "2023-02-22 12:05:03.354277"], ["album_id", nil], ["image", "https://images.unsplash.com/photo-1630316710923-60d1c6935503?ixlib=rb-4.0.3&ixid=MnwxMjA3fDB8MHxwaG90by1wYWdlfHx8fGVufDB8fHx8&auto=format&fit=crop&w=987&q=80"]]
  [1m[36mTRANSACTION (0.2ms)[0m  [1m[36mcommit transaction[0m
  [1m[36mTRANSACTION (0.0ms)[0m  [1m[36mbegin transaction[0m
  [1m[36mHoliday Create (0.1ms)[0m  [1m[32mINSERT INTO "holidays" ("title", "location", "google_map_url", "start_date", "end_date", "description", "created_at", "updated_at", "album_id", "image") VALUES (?, ?, ?, ?, ?, ?, ?, ?, ?, ?)[0m  [["title", "Edinburgh"], ["location", "Scotland"], ["google_map_url", "https://www.google.com/maps/place/Edinburgh"], ["start_date", 2], ["end_date", 5], ["description", "Edinburgh is an amazing city, characterized by its great scenery and food. We went shopping, ate alot of food! and explored the various sites, looking at the castle from the outside (it was too expensive!)."], ["created_at", "2023-02-22 12:05:03.355494"], ["updated_at", "2023-02-22 12:05:03.355494"], ["album_id", nil], ["image", "https://images.unsplash.com/photo-1535448033526-c0e85c9e6968?ixlib=rb-4.0.3&ixid=MnwxMjA3fDB8MHxwaG90by1wYWdlfHx8fGVufDB8fHx8&auto=format&fit=crop&w=2070&q=80"]]
  [1m[36mTRANSACTION (0.2ms)[0m  [1m[36mcommit transaction[0m
Started GET "/api/v1/holidays" for ::1 at 2023-02-22 12:05:04 +0000
Processing by Api::V1::HolidaysController#index as HTML
  [1m[36mHoliday Load (0.4ms)[0m  [1m[34mSELECT "holidays".* FROM "holidays"[0m
  ↳ app/controllers/api/v1/holidays_controller.rb:8:in `index'
Completed 200 OK in 11ms (Views: 9.2ms | ActiveRecord: 1.4ms | Allocations: 4124)


Started GET "/api/v1/books" for ::1 at 2023-02-22 13:27:45 +0000
  
ActionController::RoutingError (No route matches [GET] "/api/v1/books"):
  
Started GET "/api/v1/books" for ::1 at 2023-02-22 13:27:46 +0000
  
ActionController::RoutingError (No route matches [GET] "/api/v1/books"):
  
Started GET "/api/v1/books" for ::1 at 2023-02-22 13:27:46 +0000
  
ActionController::RoutingError (No route matches [GET] "/api/v1/books"):
  
Started GET "/api/v1/holidays" for ::1 at 2023-02-22 13:32:22 +0000
Processing by Api::V1::HolidaysController#index as HTML
  [1m[36mHoliday Load (0.5ms)[0m  [1m[34mSELECT "holidays".* FROM "holidays"[0m
  ↳ app/controllers/api/v1/holidays_controller.rb:8:in `index'
Completed 200 OK in 3ms (Views: 2.5ms | ActiveRecord: 0.7ms | Allocations: 1353)


Started GET "/api/v1/holidays" for ::1 at 2023-02-22 13:32:22 +0000
Processing by Api::V1::HolidaysController#index as HTML
  [1m[36mHoliday Load (0.1ms)[0m  [1m[34mSELECT "holidays".* FROM "holidays"[0m
  ↳ app/controllers/api/v1/holidays_controller.rb:8:in `index'
Completed 200 OK in 1ms (Views: 0.8ms | ActiveRecord: 0.1ms | Allocations: 1191)


Started GET "/api/v1/holidays" for ::1 at 2023-02-22 13:32:55 +0000
Processing by Api::V1::HolidaysController#index as HTML
  [1m[36mHoliday Load (0.1ms)[0m  [1m[34mSELECT "holidays".* FROM "holidays"[0m
  ↳ app/controllers/api/v1/holidays_controller.rb:8:in `index'
Completed 200 OK in 3ms (Views: 2.3ms | ActiveRecord: 0.1ms | Allocations: 1191)


Started GET "/api/v1/holidays" for ::1 at 2023-02-22 13:32:55 +0000
Processing by Api::V1::HolidaysController#index as HTML
  [1m[36mHoliday Load (0.1ms)[0m  [1m[34mSELECT "holidays".* FROM "holidays"[0m
  ↳ app/controllers/api/v1/holidays_controller.rb:8:in `index'
Completed 200 OK in 1ms (Views: 0.9ms | ActiveRecord: 0.1ms | Allocations: 1191)


Started GET "/api/v1/holidays" for ::1 at 2023-02-22 13:33:24 +0000
  [1m[36mActiveRecord::SchemaMigration Pluck (0.0ms)[0m  [1m[34mSELECT "schema_migrations"."version" FROM "schema_migrations" ORDER BY "schema_migrations"."version" ASC[0m
Processing by Api::V1::HolidaysController#index as HTML
  [1m[36mHoliday Load (0.1ms)[0m  [1m[34mSELECT "holidays".* FROM "holidays"[0m
  ↳ app/controllers/api/v1/holidays_controller.rb:8:in `index'
Completed 200 OK in 8ms (Views: 4.6ms | ActiveRecord: 0.3ms | Allocations: 11573)


Started GET "/api/v1/holidays" for ::1 at 2023-02-22 13:33:24 +0000
Processing by Api::V1::HolidaysController#index as HTML
  [1m[36mHoliday Load (0.1ms)[0m  [1m[34mSELECT "holidays".* FROM "holidays"[0m
  ↳ app/controllers/api/v1/holidays_controller.rb:8:in `index'
Completed 200 OK in 5ms (Views: 4.5ms | ActiveRecord: 0.1ms | Allocations: 1278)


Started GET "/api/v1/holidays" for ::1 at 2023-02-22 13:34:05 +0000
Processing by Api::V1::HolidaysController#index as HTML
  [1m[36mHoliday Load (2.9ms)[0m  [1m[34mSELECT "holidays".* FROM "holidays"[0m
  ↳ app/controllers/api/v1/holidays_controller.rb:8:in `index'
Completed 200 OK in 7ms (Views: 3.5ms | ActiveRecord: 2.9ms | Allocations: 1211)


Started GET "/api/v1/holidays" for ::1 at 2023-02-22 13:34:05 +0000
Processing by Api::V1::HolidaysController#index as HTML
  [1m[36mHoliday Load (0.1ms)[0m  [1m[34mSELECT "holidays".* FROM "holidays"[0m
  ↳ app/controllers/api/v1/holidays_controller.rb:8:in `index'
Completed 200 OK in 1ms (Views: 0.7ms | ActiveRecord: 0.1ms | Allocations: 1192)


Started GET "/api/v1/holidays" for ::1 at 2023-02-22 13:34:14 +0000
Processing by Api::V1::HolidaysController#index as HTML
  [1m[36mHoliday Load (0.0ms)[0m  [1m[34mSELECT "holidays".* FROM "holidays"[0m
  ↳ app/controllers/api/v1/holidays_controller.rb:8:in `index'
Completed 200 OK in 1ms (Views: 0.7ms | ActiveRecord: 0.0ms | Allocations: 1203)


Started GET "/api/v1/holidays" for ::1 at 2023-02-22 13:34:16 +0000
Processing by Api::V1::HolidaysController#index as HTML
  [1m[36mHoliday Load (0.1ms)[0m  [1m[34mSELECT "holidays".* FROM "holidays"[0m
  ↳ app/controllers/api/v1/holidays_controller.rb:8:in `index'
Completed 200 OK in 1ms (Views: 0.9ms | ActiveRecord: 0.1ms | Allocations: 1203)


Started GET "/api/v1/holidays" for ::1 at 2023-02-22 13:34:16 +0000
Processing by Api::V1::HolidaysController#index as HTML
  [1m[36mHoliday Load (0.1ms)[0m  [1m[34mSELECT "holidays".* FROM "holidays"[0m
  ↳ app/controllers/api/v1/holidays_controller.rb:8:in `index'
Completed 200 OK in 1ms (Views: 1.1ms | ActiveRecord: 0.1ms | Allocations: 1191)


Started GET "/api/v1/holidays" for ::1 at 2023-02-22 13:34:28 +0000
Processing by Api::V1::HolidaysController#index as HTML
  [1m[36mHoliday Load (0.1ms)[0m  [1m[34mSELECT "holidays".* FROM "holidays"[0m
  ↳ app/controllers/api/v1/holidays_controller.rb:8:in `index'
Completed 200 OK in 1ms (Views: 0.7ms | ActiveRecord: 0.1ms | Allocations: 1203)


Started GET "/api/v1/holidays" for ::1 at 2023-02-22 13:34:37 +0000
Processing by Api::V1::HolidaysController#index as HTML
  [1m[36mHoliday Load (0.1ms)[0m  [1m[34mSELECT "holidays".* FROM "holidays"[0m
  ↳ app/controllers/api/v1/holidays_controller.rb:8:in `index'
Completed 200 OK in 1ms (Views: 0.8ms | ActiveRecord: 0.1ms | Allocations: 1191)


Started GET "/api/v1/holidays" for ::1 at 2023-02-22 13:35:43 +0000
Processing by Api::V1::HolidaysController#index as HTML
  [1m[36mHoliday Load (0.1ms)[0m  [1m[34mSELECT "holidays".* FROM "holidays"[0m
  ↳ app/controllers/api/v1/holidays_controller.rb:8:in `index'
Completed 200 OK in 2ms (Views: 1.9ms | ActiveRecord: 0.1ms | Allocations: 1191)


Started GET "/api/v1/holidays" for ::1 at 2023-02-22 13:36:46 +0000
Processing by Api::V1::HolidaysController#index as HTML
  [1m[36mHoliday Load (0.2ms)[0m  [1m[34mSELECT "holidays".* FROM "holidays"[0m
  ↳ app/controllers/api/v1/holidays_controller.rb:8:in `index'
Completed 200 OK in 3ms (Views: 2.8ms | ActiveRecord: 0.2ms | Allocations: 1191)


Started GET "/api/v1/holidays" for ::1 at 2023-02-22 13:37:01 +0000
Processing by Api::V1::HolidaysController#index as HTML
  [1m[36mHoliday Load (1.4ms)[0m  [1m[34mSELECT "holidays".* FROM "holidays"[0m
  ↳ app/controllers/api/v1/holidays_controller.rb:8:in `index'
Completed 200 OK in 6ms (Views: 4.0ms | ActiveRecord: 1.4ms | Allocations: 1191)


Started GET "/api/v1/holidays" for ::1 at 2023-02-22 13:42:26 +0000
Processing by Api::V1::HolidaysController#index as HTML
  [1m[36mHoliday Load (0.5ms)[0m  [1m[34mSELECT "holidays".* FROM "holidays"[0m
  ↳ app/controllers/api/v1/holidays_controller.rb:8:in `index'
Completed 200 OK in 4ms (Views: 3.8ms | ActiveRecord: 0.7ms | Allocations: 1399)


Started GET "/api/v1/holidays" for ::1 at 2023-02-22 13:42:26 +0000
Processing by Api::V1::HolidaysController#index as HTML
  [1m[36mHoliday Load (0.2ms)[0m  [1m[34mSELECT "holidays".* FROM "holidays"[0m
  ↳ app/controllers/api/v1/holidays_controller.rb:8:in `index'
Completed 200 OK in 2ms (Views: 1.9ms | ActiveRecord: 0.2ms | Allocations: 1191)


Started GET "/api/v1/holidays" for ::1 at 2023-02-22 13:42:30 +0000
Processing by Api::V1::HolidaysController#index as HTML
  [1m[36mHoliday Load (0.1ms)[0m  [1m[34mSELECT "holidays".* FROM "holidays"[0m
  ↳ app/controllers/api/v1/holidays_controller.rb:8:in `index'
Completed 200 OK in 1ms (Views: 0.9ms | ActiveRecord: 0.1ms | Allocations: 1192)


Started GET "/api/v1/holidays" for ::1 at 2023-02-22 13:42:30 +0000
Processing by Api::V1::HolidaysController#index as HTML
  [1m[36mHoliday Load (0.1ms)[0m  [1m[34mSELECT "holidays".* FROM "holidays"[0m
  ↳ app/controllers/api/v1/holidays_controller.rb:8:in `index'
Completed 200 OK in 1ms (Views: 1.0ms | ActiveRecord: 0.1ms | Allocations: 1191)


Started GET "/api/v1/holidays" for ::1 at 2023-02-22 13:43:14 +0000
Processing by Api::V1::HolidaysController#index as HTML
  [1m[36mHoliday Load (0.1ms)[0m  [1m[34mSELECT "holidays".* FROM "holidays"[0m
  ↳ app/controllers/api/v1/holidays_controller.rb:8:in `index'
Completed 200 OK in 1ms (Views: 0.8ms | ActiveRecord: 0.1ms | Allocations: 1191)


Started GET "/api/v1/holidays" for ::1 at 2023-02-22 13:43:14 +0000
Processing by Api::V1::HolidaysController#index as HTML
  [1m[36mHoliday Load (0.1ms)[0m  [1m[34mSELECT "holidays".* FROM "holidays"[0m
  ↳ app/controllers/api/v1/holidays_controller.rb:8:in `index'
Completed 200 OK in 1ms (Views: 1.2ms | ActiveRecord: 0.1ms | Allocations: 1191)


Started GET "/api/v1/holidays" for ::1 at 2023-02-22 13:44:38 +0000
  [1m[36mActiveRecord::SchemaMigration Pluck (0.1ms)[0m  [1m[34mSELECT "schema_migrations"."version" FROM "schema_migrations" ORDER BY "schema_migrations"."version" ASC[0m
Processing by Api::V1::HolidaysController#index as HTML
  [1m[36mHoliday Load (0.1ms)[0m  [1m[34mSELECT "holidays".* FROM "holidays"[0m
  ↳ app/controllers/api/v1/holidays_controller.rb:8:in `index'
Completed 200 OK in 7ms (Views: 4.1ms | ActiveRecord: 0.2ms | Allocations: 11576)


Started GET "/api/v1/holidays" for ::1 at 2023-02-22 13:44:38 +0000
Processing by Api::V1::HolidaysController#index as HTML
  [1m[36mHoliday Load (0.0ms)[0m  [1m[34mSELECT "holidays".* FROM "holidays"[0m
  ↳ app/controllers/api/v1/holidays_controller.rb:8:in `index'
Completed 200 OK in 6ms (Views: 5.5ms | ActiveRecord: 0.0ms | Allocations: 1279)


Started GET "/api/v1/holidays" for ::1 at 2023-02-22 13:44:39 +0000
Processing by Api::V1::HolidaysController#index as HTML
  [1m[36mHoliday Load (0.1ms)[0m  [1m[34mSELECT "holidays".* FROM "holidays"[0m
  ↳ app/controllers/api/v1/holidays_controller.rb:8:in `index'
Completed 200 OK in 1ms (Views: 0.9ms | ActiveRecord: 0.1ms | Allocations: 1211)


Started GET "/api/v1/holidays" for ::1 at 2023-02-22 13:44:39 +0000
Processing by Api::V1::HolidaysController#index as HTML
  [1m[36mHoliday Load (0.1ms)[0m  [1m[34mSELECT "holidays".* FROM "holidays"[0m
  ↳ app/controllers/api/v1/holidays_controller.rb:8:in `index'
Completed 200 OK in 1ms (Views: 0.8ms | ActiveRecord: 0.1ms | Allocations: 1191)


Started GET "/api/v1/holidays" for ::1 at 2023-02-22 13:44:41 +0000
Processing by Api::V1::HolidaysController#index as HTML
  [1m[36mHoliday Load (0.4ms)[0m  [1m[34mSELECT "holidays".* FROM "holidays"[0m
  ↳ app/controllers/api/v1/holidays_controller.rb:8:in `index'
Completed 200 OK in 4ms (Views: 2.7ms | ActiveRecord: 0.4ms | Allocations: 1203)


Started GET "/api/v1/holidays" for ::1 at 2023-02-22 13:44:41 +0000
Processing by Api::V1::HolidaysController#index as HTML
  [1m[36mHoliday Load (0.3ms)[0m  [1m[34mSELECT "holidays".* FROM "holidays"[0m
  ↳ app/controllers/api/v1/holidays_controller.rb:8:in `index'
Completed 200 OK in 5ms (Views: 3.8ms | ActiveRecord: 0.3ms | Allocations: 1191)


Started GET "/api/v1/holidays" for ::1 at 2023-02-22 13:44:42 +0000
Processing by Api::V1::HolidaysController#index as HTML
  [1m[36mHoliday Load (0.5ms)[0m  [1m[34mSELECT "holidays".* FROM "holidays"[0m
  ↳ app/controllers/api/v1/holidays_controller.rb:8:in `index'
Completed 200 OK in 6ms (Views: 4.5ms | ActiveRecord: 0.5ms | Allocations: 1191)


Started GET "/favicon.ico" for ::1 at 2023-02-22 13:44:42 +0000
  
ActionController::RoutingError (No route matches [GET] "/favicon.ico"):
  
Started GET "/api/v1/holidays" for ::1 at 2023-02-22 13:44:43 +0000
Started GET "/api/v1/holidays" for ::1 at 2023-02-22 13:44:43 +0000
Processing by Api::V1::HolidaysController#index as HTML
  [1m[36mHoliday Load (0.1ms)[0m  [1m[34mSELECT "holidays".* FROM "holidays"[0m
  ↳ app/controllers/api/v1/holidays_controller.rb:8:in `index'
Completed 200 OK in 1ms (Views: 1.1ms | ActiveRecord: 0.1ms | Allocations: 1369)


Processing by Api::V1::HolidaysController#index as HTML
  [1m[36mHoliday Load (0.1ms)[0m  [1m[34mSELECT "holidays".* FROM "holidays"[0m
  ↳ app/controllers/api/v1/holidays_controller.rb:8:in `index'
Completed 200 OK in 1ms (Views: 0.8ms | ActiveRecord: 0.1ms | Allocations: 1191)


Started GET "/api/v1/holidays" for ::1 at 2023-02-22 13:45:51 +0000
Processing by Api::V1::HolidaysController#index as HTML
  [1m[36mHoliday Load (0.2ms)[0m  [1m[34mSELECT "holidays".* FROM "holidays"[0m
  ↳ app/controllers/api/v1/holidays_controller.rb:8:in `index'
Completed 200 OK in 3ms (Views: 2.1ms | ActiveRecord: 0.2ms | Allocations: 1203)


Started GET "/favicon.ico" for ::1 at 2023-02-22 13:45:51 +0000
  
ActionController::RoutingError (No route matches [GET] "/favicon.ico"):
  
Started GET "/api/v1/holidays" for ::1 at 2023-02-22 13:45:52 +0000
Processing by Api::V1::HolidaysController#index as HTML
  [1m[36mHoliday Load (0.4ms)[0m  [1m[34mSELECT "holidays".* FROM "holidays"[0m
  ↳ app/controllers/api/v1/holidays_controller.rb:8:in `index'
Completed 200 OK in 6ms (Views: 4.2ms | ActiveRecord: 0.4ms | Allocations: 1191)


Started GET "/api/v1/holidays" for ::1 at 2023-02-22 13:46:16 +0000
Started GET "/api/v1/holidays" for ::1 at 2023-02-22 13:46:16 +0000
Processing by Api::V1::HolidaysController#index as HTML
  [1m[36mHoliday Load (0.1ms)[0m  [1m[34mSELECT "holidays".* FROM "holidays"[0m
  ↳ app/controllers/api/v1/holidays_controller.rb:8:in `index'
Processing by Api::V1::HolidaysController#index as HTML
Completed 200 OK in 3ms (Views: 3.0ms | ActiveRecord: 0.1ms | Allocations: 1583)


  [1m[36mHoliday Load (0.1ms)[0m  [1m[34mSELECT "holidays".* FROM "holidays"[0m
  ↳ app/controllers/api/v1/holidays_controller.rb:8:in `index'
Completed 200 OK in 4ms (Views: 3.8ms | ActiveRecord: 0.2ms | Allocations: 2224)


Started GET "/api/v1/holidays" for ::1 at 2023-02-22 13:46:18 +0000
Started GET "/api/v1/holidays" for ::1 at 2023-02-22 13:46:18 +0000
Processing by Api::V1::HolidaysController#index as HTML
  [1m[36mHoliday Load (0.1ms)[0m  [1m[34mSELECT "holidays".* FROM "holidays"[0m
  ↳ app/controllers/api/v1/holidays_controller.rb:8:in `index'
Completed 200 OK in 1ms (Views: 1.1ms | ActiveRecord: 0.1ms | Allocations: 1195)


Processing by Api::V1::HolidaysController#index as HTML
  [1m[36mHoliday Load (0.1ms)[0m  [1m[34mSELECT "holidays".* FROM "holidays"[0m
  ↳ app/controllers/api/v1/holidays_controller.rb:8:in `index'
Completed 200 OK in 1ms (Views: 0.9ms | ActiveRecord: 0.1ms | Allocations: 1191)


Started GET "/api/v1/holidays" for ::1 at 2023-02-22 13:46:46 +0000
Processing by Api::V1::HolidaysController#index as HTML
  [1m[36mHoliday Load (0.1ms)[0m  [1m[34mSELECT "holidays".* FROM "holidays"[0m
  ↳ app/controllers/api/v1/holidays_controller.rb:8:in `index'
Completed 200 OK in 1ms (Views: 0.9ms | ActiveRecord: 0.1ms | Allocations: 1191)


Started GET "/api/v1/holidays" for ::1 at 2023-02-22 13:46:46 +0000
Processing by Api::V1::HolidaysController#index as HTML
  [1m[36mHoliday Load (0.1ms)[0m  [1m[34mSELECT "holidays".* FROM "holidays"[0m
  ↳ app/controllers/api/v1/holidays_controller.rb:8:in `index'
Completed 200 OK in 2ms (Views: 1.0ms | ActiveRecord: 0.1ms | Allocations: 1191)


Started GET "/api/v1/holidays" for ::1 at 2023-02-22 13:46:46 +0000
Processing by Api::V1::HolidaysController#index as HTML
  [1m[36mHoliday Load (0.1ms)[0m  [1m[34mSELECT "holidays".* FROM "holidays"[0m
  ↳ app/controllers/api/v1/holidays_controller.rb:8:in `index'
Completed 200 OK in 1ms (Views: 0.9ms | ActiveRecord: 0.1ms | Allocations: 1191)


Started GET "/api/v1/holidays" for ::1 at 2023-02-22 13:46:47 +0000
Started GET "/api/v1/holidays" for ::1 at 2023-02-22 13:46:47 +0000
Processing by Api::V1::HolidaysController#index as HTML
  [1m[36mHoliday Load (0.1ms)[0m  [1m[34mSELECT "holidays".* FROM "holidays"[0m
  ↳ app/controllers/api/v1/holidays_controller.rb:8:in `index'
Completed 200 OK in 1ms (Views: 1.1ms | ActiveRecord: 0.1ms | Allocations: 1192)


Processing by Api::V1::HolidaysController#index as HTML
  [1m[36mHoliday Load (0.1ms)[0m  [1m[34mSELECT "holidays".* FROM "holidays"[0m
  ↳ app/controllers/api/v1/holidays_controller.rb:8:in `index'
Completed 200 OK in 1ms (Views: 0.8ms | ActiveRecord: 0.1ms | Allocations: 1191)


Started GET "/api/v1/holidays" for ::1 at 2023-02-22 13:48:18 +0000
Processing by Api::V1::HolidaysController#index as HTML
  [1m[36mHoliday Load (0.1ms)[0m  [1m[34mSELECT "holidays".* FROM "holidays"[0m
  ↳ app/controllers/api/v1/holidays_controller.rb:8:in `index'
Completed 200 OK in 1ms (Views: 0.9ms | ActiveRecord: 0.1ms | Allocations: 1191)


Started GET "/api/v1/holidays" for ::1 at 2023-02-22 13:48:18 +0000
Processing by Api::V1::HolidaysController#index as HTML
  [1m[36mHoliday Load (0.3ms)[0m  [1m[34mSELECT "holidays".* FROM "holidays"[0m
  ↳ app/controllers/api/v1/holidays_controller.rb:8:in `index'
Completed 200 OK in 2ms (Views: 1.4ms | ActiveRecord: 0.3ms | Allocations: 1191)


Started GET "/api/v1/holidays" for ::1 at 2023-02-22 13:48:18 +0000
Processing by Api::V1::HolidaysController#index as HTML
  [1m[36mHoliday Load (0.1ms)[0m  [1m[34mSELECT "holidays".* FROM "holidays"[0m
  ↳ app/controllers/api/v1/holidays_controller.rb:8:in `index'
Completed 200 OK in 1ms (Views: 0.9ms | ActiveRecord: 0.1ms | Allocations: 1191)


Started GET "/api/v1/holidays" for ::1 at 2023-02-22 13:48:26 +0000
Started GET "/api/v1/holidays" for ::1 at 2023-02-22 13:48:26 +0000
  [1m[36mActiveRecord::SchemaMigration Pluck (0.0ms)[0m  [1m[34mSELECT "schema_migrations"."version" FROM "schema_migrations" ORDER BY "schema_migrations"."version" ASC[0m
Processing by Api::V1::HolidaysController#index as HTML
Processing by Api::V1::HolidaysController#index as HTML
  [1m[36mHoliday Load (0.1ms)[0m  [1m[34mSELECT "holidays".* FROM "holidays"[0m
  [1m[36mHoliday Load (0.0ms)[0m  [1m[34mSELECT "holidays".* FROM "holidays"[0m
  ↳ app/controllers/api/v1/holidays_controller.rb:8:in `index'
Completed 200 OK in 8ms (Views: 4.8ms | ActiveRecord: 0.2ms | Allocations: 12459)


  ↳ app/controllers/api/v1/holidays_controller.rb:8:in `index'
Completed 200 OK in 7ms (Views: 7.1ms | ActiveRecord: 0.2ms | Allocations: 9322)


  [1m[36mActiveRecord::SchemaMigration Pluck (0.0ms)[0m  [1m[34mSELECT "schema_migrations"."version" FROM "schema_migrations" ORDER BY "schema_migrations"."version" ASC[0m
  [1m[36mActiveRecord::InternalMetadata Pluck (0.4ms)[0m  [1m[34mSELECT "ar_internal_metadata"."value" FROM "ar_internal_metadata" WHERE "ar_internal_metadata"."key" = ? LIMIT ?[0m  [["key", "environment"], ["LIMIT", 1]]
  [1m[36mActiveRecord::SchemaMigration Pluck (0.0ms)[0m  [1m[34mSELECT "schema_migrations"."version" FROM "schema_migrations" ORDER BY "schema_migrations"."version" ASC[0m
  [1m[36mActiveRecord::InternalMetadata Pluck (0.0ms)[0m  [1m[34mSELECT "ar_internal_metadata"."value" FROM "ar_internal_metadata" WHERE "ar_internal_metadata"."key" = ? LIMIT ?[0m  [["key", "environment"], ["LIMIT", 1]]
  [1m[36mActiveRecord::SchemaMigration Pluck (0.0ms)[0m  [1m[34mSELECT "schema_migrations"."version" FROM "schema_migrations" ORDER BY "schema_migrations"."version" ASC[0m
  [1m[36mActiveRecord::InternalMetadata Pluck (0.0ms)[0m  [1m[34mSELECT "ar_internal_metadata"."value" FROM "ar_internal_metadata" WHERE "ar_internal_metadata"."key" = ? LIMIT ?[0m  [["key", "environment"], ["LIMIT", 1]]
  [1m[35m (1.1ms)[0m  [1m[35mCREATE TABLE "schema_migrations" ("version" varchar NOT NULL PRIMARY KEY)[0m
  [1m[35m (0.5ms)[0m  [1m[35mCREATE TABLE "ar_internal_metadata" ("key" varchar NOT NULL PRIMARY KEY, "value" varchar, "created_at" datetime(6) NOT NULL, "updated_at" datetime(6) NOT NULL)[0m
  [1m[36mActiveRecord::SchemaMigration Pluck (0.0ms)[0m  [1m[34mSELECT "schema_migrations"."version" FROM "schema_migrations" ORDER BY "schema_migrations"."version" ASC[0m
Migrating to CreateHolidays (20230222111036)
  [1m[36mTRANSACTION (0.0ms)[0m  [1m[36mbegin transaction[0m
  [1m[35m (0.2ms)[0m  [1m[35mCREATE TABLE "holidays" ("id" integer PRIMARY KEY AUTOINCREMENT NOT NULL, "title" varchar, "location" varchar, "google_map_url" varchar, "start_date" varchar, "end_date" varchar, "description" varchar, "created_at" datetime(6) NOT NULL, "updated_at" datetime(6) NOT NULL)[0m
  [1m[36mActiveRecord::SchemaMigration Create (0.1ms)[0m  [1m[32mINSERT INTO "schema_migrations" ("version") VALUES (?)[0m  [["version", "20230222111036"]]
  [1m[36mTRANSACTION (0.4ms)[0m  [1m[36mcommit transaction[0m
Migrating to CreateAlbums (20230222111059)
  [1m[36mTRANSACTION (0.0ms)[0m  [1m[36mbegin transaction[0m
  [1m[35m (0.1ms)[0m  [1m[35mCREATE TABLE "albums" ("id" integer PRIMARY KEY AUTOINCREMENT NOT NULL, "created_at" datetime(6) NOT NULL, "updated_at" datetime(6) NOT NULL)[0m
  [1m[36mActiveRecord::SchemaMigration Create (0.0ms)[0m  [1m[32mINSERT INTO "schema_migrations" ("version") VALUES (?)[0m  [["version", "20230222111059"]]
  [1m[36mTRANSACTION (0.2ms)[0m  [1m[36mcommit transaction[0m
Migrating to AddReferenceToHolidays (20230222111701)
  [1m[36mTRANSACTION (0.0ms)[0m  [1m[36mbegin transaction[0m
  [1m[35m (0.2ms)[0m  [1m[35mALTER TABLE "holidays" ADD "album_id" integer[0m
  [1m[35m (0.0ms)[0m  [1m[35mCREATE INDEX "index_holidays_on_album_id" ON "holidays" ("album_id")[0m
  [1m[35m (0.0ms)[0m  [1m[35mPRAGMA foreign_keys[0m
  [1m[35m (0.0ms)[0m  [1m[35mPRAGMA defer_foreign_keys[0m
  [1m[35m (0.0ms)[0m  [1m[35mPRAGMA defer_foreign_keys = ON[0m
  [1m[35m (0.0ms)[0m  [1m[35mPRAGMA foreign_keys = OFF[0m
  [1m[35m (0.0ms)[0m  [1m[35mCREATE TEMPORARY TABLE "aholidays" ("id" integer NOT NULL PRIMARY KEY, "title" varchar DEFAULT NULL, "location" varchar DEFAULT NULL, "google_map_url" varchar DEFAULT NULL, "start_date" varchar DEFAULT NULL, "end_date" varchar DEFAULT NULL, "description" varchar DEFAULT NULL, "created_at" datetime(6) NOT NULL, "updated_at" datetime(6) NOT NULL, "album_id" integer DEFAULT NULL)[0m
  [1m[35m (0.0ms)[0m  [1m[35mCREATE INDEX "tindex_aholidays_on_album_id" ON "aholidays" ("album_id")[0m
  [1m[35m (0.0ms)[0m  [1m[32mINSERT INTO "aholidays" ("id","title","location","google_map_url","start_date","end_date","description","created_at","updated_at","album_id")
                     SELECT "id","title","location","google_map_url","start_date","end_date","description","created_at","updated_at","album_id" FROM "holidays"[0m
  [1m[35m (0.1ms)[0m  [1m[35mDROP TABLE "holidays"[0m
  [1m[35m (0.0ms)[0m  [1m[35mCREATE TABLE "holidays" ("id" integer NOT NULL PRIMARY KEY, "title" varchar DEFAULT NULL, "location" varchar DEFAULT NULL, "google_map_url" varchar DEFAULT NULL, "start_date" varchar DEFAULT NULL, "end_date" varchar DEFAULT NULL, "description" varchar DEFAULT NULL, "created_at" datetime(6) NOT NULL, "updated_at" datetime(6) NOT NULL, "album_id" integer DEFAULT NULL, CONSTRAINT "fk_rails_4ed677e110"
FOREIGN KEY ("album_id")
  REFERENCES "albums" ("id")
)[0m
  [1m[35m (0.0ms)[0m  [1m[35mCREATE INDEX "index_holidays_on_album_id" ON "holidays" ("album_id")[0m
  [1m[35m (0.0ms)[0m  [1m[32mINSERT INTO "holidays" ("id","title","location","google_map_url","start_date","end_date","description","created_at","updated_at","album_id")
                     SELECT "id","title","location","google_map_url","start_date","end_date","description","created_at","updated_at","album_id" FROM "aholidays"[0m
  [1m[35m (0.0ms)[0m  [1m[35mDROP TABLE "aholidays"[0m
  [1m[35m (0.0ms)[0m  [1m[35mPRAGMA defer_foreign_keys = 0[0m
  [1m[35m (0.0ms)[0m  [1m[35mPRAGMA foreign_keys = 1[0m
  [1m[36mActiveRecord::SchemaMigration Create (0.0ms)[0m  [1m[32mINSERT INTO "schema_migrations" ("version") VALUES (?)[0m  [["version", "20230222111701"]]
  [1m[36mTRANSACTION (0.3ms)[0m  [1m[36mcommit transaction[0m
Migrating to AddImageToHolidays (20230222113928)
  [1m[36mTRANSACTION (0.0ms)[0m  [1m[36mbegin transaction[0m
  [1m[35m (0.2ms)[0m  [1m[35mALTER TABLE "holidays" ADD "image" varchar[0m
  [1m[36mActiveRecord::SchemaMigration Create (0.0ms)[0m  [1m[32mINSERT INTO "schema_migrations" ("version") VALUES (?)[0m  [["version", "20230222113928"]]
  [1m[36mTRANSACTION (0.2ms)[0m  [1m[36mcommit transaction[0m
  [1m[36mActiveRecord::InternalMetadata Load (0.0ms)[0m  [1m[34mSELECT "ar_internal_metadata".* FROM "ar_internal_metadata" WHERE "ar_internal_metadata"."key" = ? LIMIT ?[0m  [["key", "environment"], ["LIMIT", 1]]
  [1m[36mTRANSACTION (0.0ms)[0m  [1m[36mbegin transaction[0m
  [1m[36mActiveRecord::InternalMetadata Create (0.1ms)[0m  [1m[32mINSERT INTO "ar_internal_metadata" ("key", "value", "created_at", "updated_at") VALUES (?, ?, ?, ?)[0m  [["key", "environment"], ["value", "development"], ["created_at", "2023-02-22 13:50:29.660588"], ["updated_at", "2023-02-22 13:50:29.660588"]]
  [1m[36mTRANSACTION (0.2ms)[0m  [1m[36mcommit transaction[0m
  [1m[36mActiveRecord::SchemaMigration Pluck (0.0ms)[0m  [1m[34mSELECT "schema_migrations"."version" FROM "schema_migrations" ORDER BY "schema_migrations"."version" ASC[0m
Started GET "/api/v1/holidays" for ::1 at 2023-02-22 13:50:37 +0000
  [1m[36mActiveRecord::SchemaMigration Pluck (0.0ms)[0m  [1m[34mSELECT "schema_migrations"."version" FROM "schema_migrations" ORDER BY "schema_migrations"."version" ASC[0m
Processing by Api::V1::HolidaysController#index as HTML
  [1m[36mHoliday Load (0.1ms)[0m  [1m[34mSELECT "holidays".* FROM "holidays"[0m
  ↳ app/controllers/api/v1/holidays_controller.rb:8:in `index'
Completed 200 OK in 2ms (Views: 0.7ms | ActiveRecord: 0.1ms | Allocations: 1885)


Started GET "/api/v1/holidays" for ::1 at 2023-02-22 13:50:38 +0000
Processing by Api::V1::HolidaysController#index as HTML
  [1m[36mHoliday Load (0.0ms)[0m  [1m[34mSELECT "holidays".* FROM "holidays"[0m
  ↳ app/controllers/api/v1/holidays_controller.rb:8:in `index'
Completed 200 OK in 1ms (Views: 0.4ms | ActiveRecord: 0.0ms | Allocations: 673)


Started GET "/api/v1/holidays" for ::1 at 2023-02-22 13:50:39 +0000
Processing by Api::V1::HolidaysController#index as HTML
  [1m[36mHoliday Load (0.2ms)[0m  [1m[34mSELECT "holidays".* FROM "holidays"[0m
  ↳ app/controllers/api/v1/holidays_controller.rb:8:in `index'
Completed 200 OK in 4ms (Views: 3.2ms | ActiveRecord: 0.2ms | Allocations: 673)


Started GET "/favicon.ico" for ::1 at 2023-02-22 13:50:39 +0000
  
ActionController::RoutingError (No route matches [GET] "/favicon.ico"):
  
  [1m[36mActiveRecord::SchemaMigration Pluck (0.0ms)[0m  [1m[34mSELECT "schema_migrations"."version" FROM "schema_migrations" ORDER BY "schema_migrations"."version" ASC[0m
  [1m[36mTRANSACTION (0.0ms)[0m  [1m[36mbegin transaction[0m
  [1m[36mHoliday Create (3.6ms)[0m  [1m[32mINSERT INTO "holidays" ("title", "location", "google_map_url", "start_date", "end_date", "description", "created_at", "updated_at", "album_id", "image") VALUES (?, ?, ?, ?, ?, ?, ?, ?, ?, ?)[0m  [["title", "Copenhagen"], ["location", "Denmark"], ["google_map_url", "https://www.google.com/maps/place/Copenhagen"], ["start_date", "1 Aug, 2022"], ["end_date", "3 aug, 2022"], ["description", "Copenhagen is a unique city, characterized by its canals, cycling culture, strong economy, and happy locals. It is actually known as being the happiest city in the world, due to its shorter workdays, free college tuition, more vacation days, and levels of personal interaction!"], ["created_at", "2023-02-22 13:50:45.413237"], ["updated_at", "2023-02-22 13:50:45.413237"], ["album_id", nil], ["image", "https://images.unsplash.com/photo-1513622470522-26c3c8a854bc?ixlib=rb-4.0.3&ixid=MnwxMjA3fDB8MHxwaG90by1wYWdlfHx8fGVufDB8fHx8&auto=format&fit=crop&w=2070&q=80"]]
  [1m[36mTRANSACTION (0.3ms)[0m  [1m[36mcommit transaction[0m
  [1m[36mTRANSACTION (0.0ms)[0m  [1m[36mbegin transaction[0m
  [1m[36mHoliday Create (0.1ms)[0m  [1m[32mINSERT INTO "holidays" ("title", "location", "google_map_url", "start_date", "end_date", "description", "created_at", "updated_at", "album_id", "image") VALUES (?, ?, ?, ?, ?, ?, ?, ?, ?, ?)[0m  [["title", "Reyjkavik"], ["location", "Iceland"], ["google_map_url", "https://www.google.com/maps/place/Reykjav%C3%ADk,+Iceland/@64.1319782,-21.9162021,11.8z/data=!4m6!3m5!1s0x48d674b9eedcedc3:0xec912ca230d26071!8m2!3d64.146582!4d-21.9426354!16zL20vMDZmbGc"], ["start_date", "12 July, 2022"], ["end_date", "15 July, 2022"], ["description", "Amazing scenery, felt like an alien world, especially the blue lagoon!"], ["created_at", "2023-02-22 13:50:45.418420"], ["updated_at", "2023-02-22 13:50:45.418420"], ["album_id", nil], ["image", "https://images.unsplash.com/photo-1630316710923-60d1c6935503?ixlib=rb-4.0.3&ixid=MnwxMjA3fDB8MHxwaG90by1wYWdlfHx8fGVufDB8fHx8&auto=format&fit=crop&w=987&q=80"]]
  [1m[36mTRANSACTION (0.2ms)[0m  [1m[36mcommit transaction[0m
  [1m[36mTRANSACTION (0.0ms)[0m  [1m[36mbegin transaction[0m
  [1m[36mHoliday Create (0.1ms)[0m  [1m[32mINSERT INTO "holidays" ("title", "location", "google_map_url", "start_date", "end_date", "description", "created_at", "updated_at", "album_id", "image") VALUES (?, ?, ?, ?, ?, ?, ?, ?, ?, ?)[0m  [["title", "Edinburgh"], ["location", "Scotland"], ["google_map_url", "https://www.google.com/maps/place/Edinburgh"], ["start_date", "2 Aug, 2021"], ["end_date", "5 aug, 2021"], ["description", "Edinburgh is an amazing city, characterized by its great scenery and food. We went shopping, ate alot of food! and explored the various sites, looking at the castle from the outside (it was too expensive!)."], ["created_at", "2023-02-22 13:50:45.419630"], ["updated_at", "2023-02-22 13:50:45.419630"], ["album_id", nil], ["image", "https://images.unsplash.com/photo-1535448033526-c0e85c9e6968?ixlib=rb-4.0.3&ixid=MnwxMjA3fDB8MHxwaG90by1wYWdlfHx8fGVufDB8fHx8&auto=format&fit=crop&w=2070&q=80"]]
  [1m[36mTRANSACTION (0.2ms)[0m  [1m[36mcommit transaction[0m
Started GET "/api/v1/holidays" for ::1 at 2023-02-22 13:50:46 +0000
Processing by Api::V1::HolidaysController#index as HTML
  [1m[36mHoliday Load (0.1ms)[0m  [1m[34mSELECT "holidays".* FROM "holidays"[0m
  ↳ app/controllers/api/v1/holidays_controller.rb:8:in `index'
Completed 200 OK in 4ms (Views: 3.4ms | ActiveRecord: 0.4ms | Allocations: 4326)


Started GET "/api/v1/holidays" for ::1 at 2023-02-22 13:50:48 +0000
Processing by Api::V1::HolidaysController#index as HTML
  [1m[36mHoliday Load (0.1ms)[0m  [1m[34mSELECT "holidays".* FROM "holidays"[0m
  ↳ app/controllers/api/v1/holidays_controller.rb:8:in `index'
Completed 200 OK in 1ms (Views: 0.8ms | ActiveRecord: 0.1ms | Allocations: 1227)


Started GET "/api/v1/holidays" for ::1 at 2023-02-22 13:50:48 +0000
Processing by Api::V1::HolidaysController#index as HTML
  [1m[36mHoliday Load (0.0ms)[0m  [1m[34mSELECT "holidays".* FROM "holidays"[0m
  ↳ app/controllers/api/v1/holidays_controller.rb:8:in `index'
Completed 200 OK in 1ms (Views: 0.6ms | ActiveRecord: 0.0ms | Allocations: 1227)


Started GET "/api/v1/holidays" for ::1 at 2023-02-22 13:53:04 +0000
Processing by Api::V1::HolidaysController#index as HTML
  [1m[36mHoliday Load (0.1ms)[0m  [1m[34mSELECT "holidays".* FROM "holidays"[0m
  ↳ app/controllers/api/v1/holidays_controller.rb:8:in `index'
Completed 200 OK in 2ms (Views: 1.5ms | ActiveRecord: 0.1ms | Allocations: 1227)


Started GET "/api/v1/holidays" for ::1 at 2023-02-22 13:53:04 +0000
Processing by Api::V1::HolidaysController#index as HTML
  [1m[36mHoliday Load (0.1ms)[0m  [1m[34mSELECT "holidays".* FROM "holidays"[0m
  ↳ app/controllers/api/v1/holidays_controller.rb:8:in `index'
Completed 200 OK in 6ms (Views: 5.9ms | ActiveRecord: 0.1ms | Allocations: 1227)


Started GET "/api/v1/holidays" for ::1 at 2023-02-22 13:53:09 +0000
Processing by Api::V1::HolidaysController#index as HTML
  [1m[36mHoliday Load (0.1ms)[0m  [1m[34mSELECT "holidays".* FROM "holidays"[0m
  ↳ app/controllers/api/v1/holidays_controller.rb:8:in `index'
Completed 200 OK in 1ms (Views: 1.1ms | ActiveRecord: 0.1ms | Allocations: 1244)


Started GET "/api/v1/holidays" for ::1 at 2023-02-22 13:53:10 +0000
Processing by Api::V1::HolidaysController#index as HTML
  [1m[36mHoliday Load (0.1ms)[0m  [1m[34mSELECT "holidays".* FROM "holidays"[0m
  ↳ app/controllers/api/v1/holidays_controller.rb:8:in `index'
Completed 200 OK in 1ms (Views: 0.9ms | ActiveRecord: 0.1ms | Allocations: 1227)


Started GET "/api/v1/holidays" for ::1 at 2023-02-22 13:53:10 +0000
Processing by Api::V1::HolidaysController#index as HTML
  [1m[36mHoliday Load (0.3ms)[0m  [1m[34mSELECT "holidays".* FROM "holidays"[0m
  ↳ app/controllers/api/v1/holidays_controller.rb:8:in `index'
Completed 200 OK in 2ms (Views: 1.2ms | ActiveRecord: 0.3ms | Allocations: 1227)


Started GET "/api/v1/holidays" for ::1 at 2023-02-22 13:53:11 +0000
Processing by Api::V1::HolidaysController#index as HTML
  [1m[36mHoliday Load (0.1ms)[0m  [1m[34mSELECT "holidays".* FROM "holidays"[0m
  ↳ app/controllers/api/v1/holidays_controller.rb:8:in `index'
Completed 200 OK in 2ms (Views: 1.3ms | ActiveRecord: 0.1ms | Allocations: 1227)


Started GET "/api/v1/holidays" for ::1 at 2023-02-22 13:53:11 +0000
Processing by Api::V1::HolidaysController#index as HTML
  [1m[36mHoliday Load (0.1ms)[0m  [1m[34mSELECT "holidays".* FROM "holidays"[0m
  ↳ app/controllers/api/v1/holidays_controller.rb:8:in `index'
Completed 200 OK in 1ms (Views: 1.3ms | ActiveRecord: 0.1ms | Allocations: 1227)


Started GET "/api/v1/holidays" for ::1 at 2023-02-22 13:53:20 +0000
Processing by Api::V1::HolidaysController#index as HTML
  [1m[36mHoliday Load (0.1ms)[0m  [1m[34mSELECT "holidays".* FROM "holidays"[0m
  ↳ app/controllers/api/v1/holidays_controller.rb:8:in `index'
Completed 200 OK in 1ms (Views: 0.8ms | ActiveRecord: 0.1ms | Allocations: 1227)


Started GET "/api/v1/holidays" for ::1 at 2023-02-22 13:54:36 +0000
Processing by Api::V1::HolidaysController#index as HTML
  [1m[36mHoliday Load (0.1ms)[0m  [1m[34mSELECT "holidays".* FROM "holidays"[0m
  ↳ app/controllers/api/v1/holidays_controller.rb:8:in `index'
Completed 200 OK in 2ms (Views: 1.7ms | ActiveRecord: 0.1ms | Allocations: 1227)


Started GET "/api/v1/holidays" for ::1 at 2023-02-22 13:54:36 +0000
Processing by Api::V1::HolidaysController#index as HTML
  [1m[36mHoliday Load (0.1ms)[0m  [1m[34mSELECT "holidays".* FROM "holidays"[0m
  ↳ app/controllers/api/v1/holidays_controller.rb:8:in `index'
Completed 200 OK in 1ms (Views: 0.9ms | ActiveRecord: 0.1ms | Allocations: 1227)


Started GET "/api/v1/holidays" for ::1 at 2023-02-22 13:55:18 +0000
Processing by Api::V1::HolidaysController#index as HTML
  [1m[36mHoliday Load (0.1ms)[0m  [1m[34mSELECT "holidays".* FROM "holidays"[0m
  ↳ app/controllers/api/v1/holidays_controller.rb:8:in `index'
Completed 200 OK in 1ms (Views: 1.0ms | ActiveRecord: 0.1ms | Allocations: 1227)


Started GET "/api/v1/holidays" for ::1 at 2023-02-22 13:55:18 +0000
Processing by Api::V1::HolidaysController#index as HTML
  [1m[36mHoliday Load (0.1ms)[0m  [1m[34mSELECT "holidays".* FROM "holidays"[0m
  ↳ app/controllers/api/v1/holidays_controller.rb:8:in `index'
Completed 200 OK in 1ms (Views: 1.1ms | ActiveRecord: 0.1ms | Allocations: 1227)


